<?xml version="1.0" encoding="UTF-8"?>
<testng-results skipped="0" failed="1" total="1" passed="0">
  <reporter-output>
  </reporter-output>
  <suite name="Default suite" duration-ms="44133" started-at="2015-05-16T17:29:59Z" finished-at="2015-05-16T17:30:43Z">
    <groups>
    </groups>
    <test name="Default test" duration-ms="44133" started-at="2015-05-16T17:29:59Z" finished-at="2015-05-16T17:30:43Z">
      <class name="WhatsApp">
        <test-method status="FAIL" signature="AddingManualExpense()[pri:0, instance:WhatsApp@51c0866d]" name="AddingManualExpense" duration-ms="44089" started-at="2015-05-16T22:59:59Z" finished-at="2015-05-16T23:00:43Z">
          <exception class="org.openqa.selenium.NoSuchElementException">
            <message>
              <![CDATA[An element could not be located on the page using the given search parameters. (WARNING: The server did not provide any stacktrace information)
Command duration or timeout: 117 milliseconds
For documentation on this error, please visit: http://seleniumhq.org/exceptions/no_such_element.html
Build info: version: '2.44.0', revision: '76d78cf', time: '2014-10-23 20:03:00'
System info: host: 'Prasanth-PC', ip: '192.168.2.2', os.name: 'Windows 7', os.arch: 'amd64', os.version: '6.1', java.version: '1.7.0_75'
Session ID: 220cb448-606f-4b17-862e-f431e30f92d8
Driver info: io.appium.java_client.android.AndroidDriver
Capabilities [{platformVersion=4.4.2, app=F:\Git Repo\Appium\WhatsApp\Apk\com.daamitt.walnut.app-64.apk, platform=LINUX, databaseEnabled=false, javascriptEnabled=true, deviceName=ASUS_T00J, platformName=Android, browserName=Android, webStorageEnabled=false, networkConnectionEnabled=true, desired={app=F:\Git Repo\Appium\WhatsApp\Apk\com.daamitt.walnut.app-64.apk, platformVersion=4.4.2, platformName=Android, deviceName=ASUS_T00J}, locationContextEnabled=false, warnings={}, takesScreenshot=true}]]]>
            </message>
            <full-stacktrace>
              <![CDATA[org.openqa.selenium.NoSuchElementException: An element could not be located on the page using the given search parameters. (WARNING: The server did not provide any stacktrace information)
Command duration or timeout: 117 milliseconds
For documentation on this error, please visit: http://seleniumhq.org/exceptions/no_such_element.html
Build info: version: '2.44.0', revision: '76d78cf', time: '2014-10-23 20:03:00'
System info: host: 'Prasanth-PC', ip: '192.168.2.2', os.name: 'Windows 7', os.arch: 'amd64', os.version: '6.1', java.version: '1.7.0_75'
Session ID: 220cb448-606f-4b17-862e-f431e30f92d8
Driver info: io.appium.java_client.android.AndroidDriver
Capabilities [{platformVersion=4.4.2, app=F:\Git Repo\Appium\WhatsApp\Apk\com.daamitt.walnut.app-64.apk, platform=LINUX, databaseEnabled=false, javascriptEnabled=true, deviceName=ASUS_T00J, platformName=Android, browserName=Android, webStorageEnabled=false, networkConnectionEnabled=true, desired={app=F:\Git Repo\Appium\WhatsApp\Apk\com.daamitt.walnut.app-64.apk, platformVersion=4.4.2, platformName=Android, deviceName=ASUS_T00J}, locationContextEnabled=false, warnings={}, takesScreenshot=true}]
	at sun.reflect.NativeConstructorAccessorImpl.newInstance0(Native Method)
	at sun.reflect.NativeConstructorAccessorImpl.newInstance(Unknown Source)
	at sun.reflect.DelegatingConstructorAccessorImpl.newInstance(Unknown Source)
	at java.lang.reflect.Constructor.newInstance(Unknown Source)
	at org.openqa.selenium.remote.ErrorHandler.createThrowable(ErrorHandler.java:204)
	at org.openqa.selenium.remote.ErrorHandler.throwIfResponseFailed(ErrorHandler.java:156)
	at org.openqa.selenium.remote.RemoteWebDriver.execute(RemoteWebDriver.java:599)
	at io.appium.java_client.AppiumDriver.execute(AppiumDriver.java:180)
	at org.openqa.selenium.remote.RemoteWebDriver.findElement(RemoteWebDriver.java:352)
	at org.openqa.selenium.remote.RemoteWebDriver.findElementById(RemoteWebDriver.java:393)
	at org.openqa.selenium.By$ById.findElement(By.java:214)
	at org.openqa.selenium.remote.RemoteWebDriver.findElement(RemoteWebDriver.java:344)
	at WhatsApp.AddingManualExpense(WhatsApp.java:53)
	at sun.reflect.NativeMethodAccessorImpl.invoke0(Native Method)
	at sun.reflect.NativeMethodAccessorImpl.invoke(Unknown Source)
	at sun.reflect.DelegatingMethodAccessorImpl.invoke(Unknown Source)
	at java.lang.reflect.Method.invoke(Unknown Source)
	at org.testng.internal.MethodInvocationHelper.invokeMethod(MethodInvocationHelper.java:85)
	at org.testng.internal.Invoker.invokeMethod(Invoker.java:659)
	at org.testng.internal.Invoker.invokeTestMethod(Invoker.java:845)
	at org.testng.internal.Invoker.invokeTestMethods(Invoker.java:1153)
	at org.testng.internal.TestMethodWorker.invokeTestMethods(TestMethodWorker.java:125)
	at org.testng.internal.TestMethodWorker.run(TestMethodWorker.java:108)
	at org.testng.TestRunner.privateRun(TestRunner.java:771)
	at org.testng.TestRunner.run(TestRunner.java:621)
	at org.testng.SuiteRunner.runTest(SuiteRunner.java:352)
	at org.testng.SuiteRunner.runSequentially(SuiteRunner.java:347)
	at org.testng.SuiteRunner.privateRun(SuiteRunner.java:305)
	at org.testng.SuiteRunner.run(SuiteRunner.java:254)
	at org.testng.SuiteRunnerWorker.runSuite(SuiteRunnerWorker.java:52)
	at org.testng.SuiteRunnerWorker.run(SuiteRunnerWorker.java:86)
	at org.testng.TestNG.runSuitesSequentially(TestNG.java:1199)
	at org.testng.TestNG.runSuitesLocally(TestNG.java:1124)
	at org.testng.TestNG.run(TestNG.java:1032)
	at org.testng.remote.RemoteTestNG.run(RemoteTestNG.java:111)
	at org.testng.remote.RemoteTestNG.initAndRun(RemoteTestNG.java:204)
	at org.testng.remote.RemoteTestNG.main(RemoteTestNG.java:175)
]]>
            </full-stacktrace>
          </exception> <!-- org.openqa.selenium.NoSuchElementException -->
          <reporter-output>
          </reporter-output>
        </test-method> <!-- AddingManualExpense -->
      </class> <!-- WhatsApp -->
    </test> <!-- Default test -->
  </suite> <!-- Default suite -->
</testng-results>
