<?xml version="1.0" encoding="UTF-8"?>
<testng-results skipped="0" failed="0" total="1" passed="1">
  <reporter-output>
  </reporter-output>
  <suite name="Default suite" duration-ms="13921" started-at="2015-05-12T14:28:40Z" finished-at="2015-05-12T14:28:54Z">
    <groups>
    </groups>
    <test name="Default test" duration-ms="13921" started-at="2015-05-12T14:28:40Z" finished-at="2015-05-12T14:28:54Z">
      <class name="WhatsApp">
        <test-method status="PASS" signature="open()[pri:0, instance:WhatsApp@d5c4abf]" name="open" duration-ms="13896" started-at="2015-05-12T19:58:40Z" finished-at="2015-05-12T19:58:54Z">
          <reporter-output>
          </reporter-output>
        </test-method> <!-- open -->
      </class> <!-- WhatsApp -->
    </test> <!-- Default test -->
  </suite> <!-- Default suite -->
</testng-results>
